<?xml version="1.0" encoding="UTF-8"?>
<testsuite xmlns:xsi="http://www.w3.org/2001/XMLSchema-instance" xsi:noNamespaceSchemaLocation="https://maven.apache.org/surefire/maven-surefire-plugin/xsd/surefire-test-report.xsd" name="TestSuite" time="4.724" tests="3" errors="0" skipped="1" failures="2">
  <properties>
    <property name="java.specification.version" value="17"/>
    <property name="sun.cpu.isalist" value="amd64"/>
    <property name="sun.jnu.encoding" value="Cp1252"/>
    <property name="java.class.path" value="C:\Users\PriyaGandhi\Desktop\data\project\design-portal\Selenium\Oscar\target\test-classes;C:\Users\PriyaGandhi\Desktop\data\project\design-portal\Selenium\Oscar\target\classes;C:\Users\PriyaGandhi\.m2\repository\junit\junit\4.11\junit-4.11.jar;C:\Users\PriyaGandhi\.m2\repository\org\hamcrest\hamcrest-core\1.3\hamcrest-core-1.3.jar;C:\Users\PriyaGandhi\.m2\repository\com\aventstack\extentreports\5.0.5\extentreports-5.0.5.jar;C:\Users\PriyaGandhi\.m2\repository\io\reactivex\rxjava3\rxjava\3.0.4\rxjava-3.0.4.jar;C:\Users\PriyaGandhi\.m2\repository\org\freemarker\freemarker\2.3.30\freemarker-2.3.30.jar;C:\Users\PriyaGandhi\.m2\repository\com\google\code\gson\gson\2.8.6\gson-2.8.6.jar;C:\Users\PriyaGandhi\.m2\repository\org\testng\testng\7.4.0\testng-7.4.0.jar;C:\Users\PriyaGandhi\.m2\repository\com\beust\jcommander\1.78\jcommander-1.78.jar;C:\Users\PriyaGandhi\.m2\repository\org\webjars\jquery\3.5.1\jquery-3.5.1.jar;C:\Users\PriyaGandhi\.m2\repository\org\seleniumhq\selenium\selenium-java\3.141.59\selenium-java-3.141.59.jar;C:\Users\PriyaGandhi\.m2\repository\org\seleniumhq\selenium\selenium-api\3.141.59\selenium-api-3.141.59.jar;C:\Users\PriyaGandhi\.m2\repository\org\seleniumhq\selenium\selenium-chrome-driver\3.141.59\selenium-chrome-driver-3.141.59.jar;C:\Users\PriyaGandhi\.m2\repository\org\seleniumhq\selenium\selenium-edge-driver\3.141.59\selenium-edge-driver-3.141.59.jar;C:\Users\PriyaGandhi\.m2\repository\org\seleniumhq\selenium\selenium-firefox-driver\3.141.59\selenium-firefox-driver-3.141.59.jar;C:\Users\PriyaGandhi\.m2\repository\org\seleniumhq\selenium\selenium-ie-driver\3.141.59\selenium-ie-driver-3.141.59.jar;C:\Users\PriyaGandhi\.m2\repository\org\seleniumhq\selenium\selenium-opera-driver\3.141.59\selenium-opera-driver-3.141.59.jar;C:\Users\PriyaGandhi\.m2\repository\org\seleniumhq\selenium\selenium-safari-driver\3.141.59\selenium-safari-driver-3.141.59.jar;C:\Users\PriyaGandhi\.m2\repository\org\seleniumhq\selenium\selenium-support\3.141.59\selenium-support-3.141.59.jar;C:\Users\PriyaGandhi\.m2\repository\net\bytebuddy\byte-buddy\1.8.15\byte-buddy-1.8.15.jar;C:\Users\PriyaGandhi\.m2\repository\org\apache\commons\commons-exec\1.3\commons-exec-1.3.jar;C:\Users\PriyaGandhi\.m2\repository\com\google\guava\guava\25.0-jre\guava-25.0-jre.jar;C:\Users\PriyaGandhi\.m2\repository\com\google\code\findbugs\jsr305\1.3.9\jsr305-1.3.9.jar;C:\Users\PriyaGandhi\.m2\repository\org\checkerframework\checker-compat-qual\2.0.0\checker-compat-qual-2.0.0.jar;C:\Users\PriyaGandhi\.m2\repository\com\google\errorprone\error_prone_annotations\2.1.3\error_prone_annotations-2.1.3.jar;C:\Users\PriyaGandhi\.m2\repository\com\google\j2objc\j2objc-annotations\1.1\j2objc-annotations-1.1.jar;C:\Users\PriyaGandhi\.m2\repository\org\codehaus\mojo\animal-sniffer-annotations\1.14\animal-sniffer-annotations-1.14.jar;C:\Users\PriyaGandhi\.m2\repository\com\squareup\okhttp3\okhttp\3.11.0\okhttp-3.11.0.jar;C:\Users\PriyaGandhi\.m2\repository\com\squareup\okio\okio\1.14.0\okio-1.14.0.jar;C:\Users\PriyaGandhi\.m2\repository\org\apache\poi\poi\4.1.1\poi-4.1.1.jar;C:\Users\PriyaGandhi\.m2\repository\commons-codec\commons-codec\1.13\commons-codec-1.13.jar;C:\Users\PriyaGandhi\.m2\repository\org\apache\commons\commons-collections4\4.4\commons-collections4-4.4.jar;C:\Users\PriyaGandhi\.m2\repository\org\apache\commons\commons-math3\3.6.1\commons-math3-3.6.1.jar;C:\Users\PriyaGandhi\.m2\repository\org\seleniumhq\selenium\selenium-remote-driver\3.141.59\selenium-remote-driver-3.141.59.jar;C:\Users\PriyaGandhi\.m2\repository\org\seleniumhq\selenium\selenium-server\3.141.59\selenium-server-3.141.59.jar;C:\Users\PriyaGandhi\.m2\repository\net\jcip\jcip-annotations\1.0\jcip-annotations-1.0.jar;C:\Users\PriyaGandhi\.m2\repository\org\seleniumhq\selenium\jetty-repacked\9.4.12.v20180830\jetty-repacked-9.4.12.v20180830.jar;C:\Users\PriyaGandhi\.m2\repository\javax\servlet\javax.servlet-api\3.1.0\javax.servlet-api-3.1.0.jar;C:\Users\PriyaGandhi\.m2\repository\org\yaml\snakeyaml\1.19\snakeyaml-1.19.jar;C:\Users\PriyaGandhi\.m2\repository\commons-io\commons-io\2.6\commons-io-2.6.jar;C:\Users\PriyaGandhi\.m2\repository\io\github\bonigarcia\webdrivermanager\5.5.0\webdrivermanager-5.5.0.jar;C:\Users\PriyaGandhi\.m2\repository\org\slf4j\slf4j-api\2.0.7\slf4j-api-2.0.7.jar;C:\Users\PriyaGandhi\.m2\repository\com\github\docker-java\docker-java\3.3.3\docker-java-3.3.3.jar;C:\Users\PriyaGandhi\.m2\repository\com\github\docker-java\docker-java-core\3.3.3\docker-java-core-3.3.3.jar;C:\Users\PriyaGandhi\.m2\repository\com\github\docker-java\docker-java-api\3.3.3\docker-java-api-3.3.3.jar;C:\Users\PriyaGandhi\.m2\repository\com\fasterxml\jackson\core\jackson-annotations\2.10.3\jackson-annotations-2.10.3.jar;C:\Users\PriyaGandhi\.m2\repository\org\apache\commons\commons-compress\1.21\commons-compress-1.21.jar;C:\Users\PriyaGandhi\.m2\repository\com\fasterxml\jackson\core\jackson-databind\2.10.3\jackson-databind-2.10.3.jar;C:\Users\PriyaGandhi\.m2\repository\com\fasterxml\jackson\core\jackson-core\2.10.3\jackson-core-2.10.3.jar;C:\Users\PriyaGandhi\.m2\repository\org\bouncycastle\bcpkix-jdk18on\1.75\bcpkix-jdk18on-1.75.jar;C:\Users\PriyaGandhi\.m2\repository\org\bouncycastle\bcprov-jdk18on\1.75\bcprov-jdk18on-1.75.jar;C:\Users\PriyaGandhi\.m2\repository\org\bouncycastle\bcutil-jdk18on\1.75\bcutil-jdk18on-1.75.jar;C:\Users\PriyaGandhi\.m2\repository\org\slf4j\jcl-over-slf4j\1.7.30\jcl-over-slf4j-1.7.30.jar;C:\Users\PriyaGandhi\.m2\repository\com\github\docker-java\docker-java-transport-httpclient5\3.3.3\docker-java-transport-httpclient5-3.3.3.jar;C:\Users\PriyaGandhi\.m2\repository\com\github\docker-java\docker-java-transport\3.3.3\docker-java-transport-3.3.3.jar;C:\Users\PriyaGandhi\.m2\repository\net\java\dev\jna\jna\5.12.1\jna-5.12.1.jar;C:\Users\PriyaGandhi\.m2\repository\org\brotli\dec\0.1.2\dec-0.1.2.jar;C:\Users\PriyaGandhi\.m2\repository\org\apache\commons\commons-lang3\3.13.0\commons-lang3-3.13.0.jar;C:\Users\PriyaGandhi\.m2\repository\org\apache\httpcomponents\client5\httpclient5\5.2.1\httpclient5-5.2.1.jar;C:\Users\PriyaGandhi\.m2\repository\org\apache\httpcomponents\core5\httpcore5\5.2\httpcore5-5.2.jar;C:\Users\PriyaGandhi\.m2\repository\org\apache\httpcomponents\core5\httpcore5-h2\5.2\httpcore5-h2-5.2.jar;C:\Users\PriyaGandhi\.m2\repository\org\asynchttpclient\async-http-client\2.11.0\async-http-client-2.11.0.jar;C:\Users\PriyaGandhi\.m2\repository\org\asynchttpclient\async-http-client-netty-utils\2.11.0\async-http-client-netty-utils-2.11.0.jar;C:\Users\PriyaGandhi\.m2\repository\io\netty\netty-buffer\4.1.46.Final\netty-buffer-4.1.46.Final.jar;C:\Users\PriyaGandhi\.m2\repository\io\netty\netty-codec-http\4.1.46.Final\netty-codec-http-4.1.46.Final.jar;C:\Users\PriyaGandhi\.m2\repository\io\netty\netty-common\4.1.46.Final\netty-common-4.1.46.Final.jar;C:\Users\PriyaGandhi\.m2\repository\io\netty\netty-transport\4.1.46.Final\netty-transport-4.1.46.Final.jar;C:\Users\PriyaGandhi\.m2\repository\io\netty\netty-codec\4.1.46.Final\netty-codec-4.1.46.Final.jar;C:\Users\PriyaGandhi\.m2\repository\io\netty\netty-handler\4.1.46.Final\netty-handler-4.1.46.Final.jar;C:\Users\PriyaGandhi\.m2\repository\io\netty\netty-resolver\4.1.46.Final\netty-resolver-4.1.46.Final.jar;C:\Users\PriyaGandhi\.m2\repository\io\netty\netty-codec-socks\4.1.46.Final\netty-codec-socks-4.1.46.Final.jar;C:\Users\PriyaGandhi\.m2\repository\io\netty\netty-handler-proxy\4.1.46.Final\netty-handler-proxy-4.1.46.Final.jar;C:\Users\PriyaGandhi\.m2\repository\io\netty\netty-transport-native-epoll\4.1.46.Final\netty-transport-native-epoll-4.1.46.Final-linux-x86_64.jar;C:\Users\PriyaGandhi\.m2\repository\io\netty\netty-transport-native-unix-common\4.1.46.Final\netty-transport-native-unix-common-4.1.46.Final.jar;C:\Users\PriyaGandhi\.m2\repository\io\netty\netty-transport-native-kqueue\4.1.46.Final\netty-transport-native-kqueue-4.1.46.Final-osx-x86_64.jar;C:\Users\PriyaGandhi\.m2\repository\org\reactivestreams\reactive-streams\1.0.3\reactive-streams-1.0.3.jar;C:\Users\PriyaGandhi\.m2\repository\com\typesafe\netty\netty-reactive-streams\2.0.4\netty-reactive-streams-2.0.4.jar;C:\Users\PriyaGandhi\.m2\repository\com\sun\activation\javax.activation\1.2.0\javax.activation-1.2.0.jar;C:\Users\PriyaGandhi\.m2\repository\org\projectlombok\lombok\1.18.22\lombok-1.18.22.jar;C:\Users\PriyaGandhi\.m2\repository\tech\grasshopper\extentreports-cucumber6-adapter\2.9.0\extentreports-cucumber6-adapter-2.9.0.jar;C:\Users\PriyaGandhi\.m2\repository\tech\grasshopper\extent-pdf-report\1.7.4\extent-pdf-report-1.7.4.jar;C:\Users\PriyaGandhi\.m2\repository\tech\grasshopper\cucumber-pdf-report\2.2.4\cucumber-pdf-report-2.2.4.jar;C:\Users\PriyaGandhi\.m2\repository\org\apache\pdfbox\pdfbox\2.0.22\pdfbox-2.0.22.jar;C:\Users\PriyaGandhi\.m2\repository\org\apache\pdfbox\fontbox\2.0.22\fontbox-2.0.22.jar;C:\Users\PriyaGandhi\.m2\repository\org\knowm\xchart\xchart\3.8.0\xchart-3.8.0.jar;C:\Users\PriyaGandhi\.m2\repository\de\erichseifert\vectorgraphics2d\VectorGraphics2D\0.13\VectorGraphics2D-0.13.jar;C:\Users\PriyaGandhi\.m2\repository\de\rototor\pdfbox\graphics2d\0.30\graphics2d-0.30.jar;C:\Users\PriyaGandhi\.m2\repository\com\madgag\animated-gif-lib\1.4\animated-gif-lib-1.4.jar;C:\Users\PriyaGandhi\.m2\repository\tech\grasshopper\table-layout\1.2.0\table-layout-1.2.0.jar;C:\Users\PriyaGandhi\.m2\repository\org\jsoup\jsoup\1.13.1\jsoup-1.13.1.jar;C:\Users\PriyaGandhi\.m2\repository\com\aventstack\klov-reporter\5.0.9\klov-reporter-5.0.9.jar;C:\Users\PriyaGandhi\.m2\repository\org\mongodb\bson\3.6.4\bson-3.6.4.jar;C:\Users\PriyaGandhi\.m2\repository\org\apache\httpcomponents\httpclient\4.5.13\httpclient-4.5.13.jar;C:\Users\PriyaGandhi\.m2\repository\org\apache\httpcomponents\httpcore\4.4.13\httpcore-4.4.13.jar;C:\Users\PriyaGandhi\.m2\repository\commons-logging\commons-logging\1.2\commons-logging-1.2.jar;C:\Users\PriyaGandhi\.m2\repository\org\apache\httpcomponents\httpmime\4.5.13\httpmime-4.5.13.jar;C:\Users\PriyaGandhi\.m2\repository\tech\grasshopper\htmlextentreporter\1.0.0\htmlextentreporter-1.0.0.jar;C:\Users\PriyaGandhi\.m2\repository\org\mongodb\mongodb-driver\3.3.0\mongodb-driver-3.3.0.jar;C:\Users\PriyaGandhi\.m2\repository\org\mongodb\mongodb-driver-core\3.3.0\mongodb-driver-core-3.3.0.jar;C:\Users\PriyaGandhi\.m2\repository\com\google\protobuf\protobuf-java\4.0.0-rc-2\protobuf-java-4.0.0-rc-2.jar;C:\Users\PriyaGandhi\.m2\repository\io\cucumber\cucumber-java\7.2.3\cucumber-java-7.2.3.jar;C:\Users\PriyaGandhi\.m2\repository\io\cucumber\cucumber-core\7.2.3\cucumber-core-7.2.3.jar;C:\Users\PriyaGandhi\.m2\repository\io\cucumber\cucumber-gherkin-messages\7.2.3\cucumber-gherkin-messages-7.2.3.jar;C:\Users\PriyaGandhi\.m2\repository\io\cucumber\messages\17.1.1\messages-17.1.1.jar;C:\Users\PriyaGandhi\.m2\repository\io\cucumber\tag-expressions\4.1.0\tag-expressions-4.1.0.jar;C:\Users\PriyaGandhi\.m2\repository\io\cucumber\cucumber-expressions\15.0.1\cucumber-expressions-15.0.1.jar;C:\Users\PriyaGandhi\.m2\repository\io\cucumber\datatable\7.2.3\datatable-7.2.3.jar;C:\Users\PriyaGandhi\.m2\repository\io\cucumber\docstring\7.2.3\docstring-7.2.3.jar;C:\Users\PriyaGandhi\.m2\repository\io\cucumber\html-formatter\17.0.0\html-formatter-17.0.0.jar;C:\Users\PriyaGandhi\.m2\repository\io\cucumber\ci-environment\8.1.0\ci-environment-8.1.0.jar;C:\Users\PriyaGandhi\.m2\repository\org\apiguardian\apiguardian-api\1.1.2\apiguardian-api-1.1.2.jar;C:\Users\PriyaGandhi\.m2\repository\io\cucumber\cucumber-junit\7.2.3\cucumber-junit-7.2.3.jar;C:\Users\PriyaGandhi\.m2\repository\io\cucumber\cucumber-testng\7.2.3\cucumber-testng-7.2.3.jar;C:\Users\PriyaGandhi\.m2\repository\io\cucumber\cucumber-gherkin\7.2.3\cucumber-gherkin-7.2.3.jar;C:\Users\PriyaGandhi\.m2\repository\io\cucumber\cucumber-plugin\7.2.3\cucumber-plugin-7.2.3.jar;C:\Users\PriyaGandhi\.m2\repository\info\cukes\cucumber-testng\1.2.4\cucumber-testng-1.2.4.jar;C:\Users\PriyaGandhi\.m2\repository\info\cukes\cucumber-core\1.2.4\cucumber-core-1.2.4.jar;C:\Users\PriyaGandhi\.m2\repository\info\cukes\cucumber-html\0.2.3\cucumber-html-0.2.3.jar;C:\Users\PriyaGandhi\.m2\repository\info\cukes\cucumber-jvm-deps\1.0.5\cucumber-jvm-deps-1.0.5.jar;C:\Users\PriyaGandhi\.m2\repository\info\cukes\gherkin\2.12.2\gherkin-2.12.2.jar;"/>
    <property name="java.vm.vendor" value="Oracle Corporation"/>
    <property name="sun.arch.data.model" value="64"/>
    <property name="user.variant" value=""/>
    <property name="java.vendor.url" value="https://java.oracle.com/"/>
    <property name="user.timezone" value="Asia/Calcutta"/>
    <property name="os.name" value="Windows 10"/>
    <property name="java.vm.specification.version" value="17"/>
    <property name="sun.java.launcher" value="SUN_STANDARD"/>
    <property name="user.country" value="US"/>
    <property name="sun.boot.library.path" value="C:\Program Files\Java\jdk-17\bin"/>
    <property name="sun.java.command" value="C:\Users\PRIYAG~1\AppData\Local\Temp\surefire5083604130119746381\surefirebooter5552780087343351918.jar C:\Users\PriyaGandhi\AppData\Local\Temp\surefire5083604130119746381 2024-05-17T14-52-04_624-jvmRun1 surefire12407972075003950632tmp surefire_011221813719820743058tmp"/>
    <property name="jdk.debug" value="release"/>
    <property name="surefire.test.class.path" value="C:\Users\PriyaGandhi\Desktop\data\project\design-portal\Selenium\Oscar\target\test-classes;C:\Users\PriyaGandhi\Desktop\data\project\design-portal\Selenium\Oscar\target\classes;C:\Users\PriyaGandhi\.m2\repository\junit\junit\4.11\junit-4.11.jar;C:\Users\PriyaGandhi\.m2\repository\org\hamcrest\hamcrest-core\1.3\hamcrest-core-1.3.jar;C:\Users\PriyaGandhi\.m2\repository\com\aventstack\extentreports\5.0.5\extentreports-5.0.5.jar;C:\Users\PriyaGandhi\.m2\repository\io\reactivex\rxjava3\rxjava\3.0.4\rxjava-3.0.4.jar;C:\Users\PriyaGandhi\.m2\repository\org\freemarker\freemarker\2.3.30\freemarker-2.3.30.jar;C:\Users\PriyaGandhi\.m2\repository\com\google\code\gson\gson\2.8.6\gson-2.8.6.jar;C:\Users\PriyaGandhi\.m2\repository\org\testng\testng\7.4.0\testng-7.4.0.jar;C:\Users\PriyaGandhi\.m2\repository\com\beust\jcommander\1.78\jcommander-1.78.jar;C:\Users\PriyaGandhi\.m2\repository\org\webjars\jquery\3.5.1\jquery-3.5.1.jar;C:\Users\PriyaGandhi\.m2\repository\org\seleniumhq\selenium\selenium-java\3.141.59\selenium-java-3.141.59.jar;C:\Users\PriyaGandhi\.m2\repository\org\seleniumhq\selenium\selenium-api\3.141.59\selenium-api-3.141.59.jar;C:\Users\PriyaGandhi\.m2\repository\org\seleniumhq\selenium\selenium-chrome-driver\3.141.59\selenium-chrome-driver-3.141.59.jar;C:\Users\PriyaGandhi\.m2\repository\org\seleniumhq\selenium\selenium-edge-driver\3.141.59\selenium-edge-driver-3.141.59.jar;C:\Users\PriyaGandhi\.m2\repository\org\seleniumhq\selenium\selenium-firefox-driver\3.141.59\selenium-firefox-driver-3.141.59.jar;C:\Users\PriyaGandhi\.m2\repository\org\seleniumhq\selenium\selenium-ie-driver\3.141.59\selenium-ie-driver-3.141.59.jar;C:\Users\PriyaGandhi\.m2\repository\org\seleniumhq\selenium\selenium-opera-driver\3.141.59\selenium-opera-driver-3.141.59.jar;C:\Users\PriyaGandhi\.m2\repository\org\seleniumhq\selenium\selenium-safari-driver\3.141.59\selenium-safari-driver-3.141.59.jar;C:\Users\PriyaGandhi\.m2\repository\org\seleniumhq\selenium\selenium-support\3.141.59\selenium-support-3.141.59.jar;C:\Users\PriyaGandhi\.m2\repository\net\bytebuddy\byte-buddy\1.8.15\byte-buddy-1.8.15.jar;C:\Users\PriyaGandhi\.m2\repository\org\apache\commons\commons-exec\1.3\commons-exec-1.3.jar;C:\Users\PriyaGandhi\.m2\repository\com\google\guava\guava\25.0-jre\guava-25.0-jre.jar;C:\Users\PriyaGandhi\.m2\repository\com\google\code\findbugs\jsr305\1.3.9\jsr305-1.3.9.jar;C:\Users\PriyaGandhi\.m2\repository\org\checkerframework\checker-compat-qual\2.0.0\checker-compat-qual-2.0.0.jar;C:\Users\PriyaGandhi\.m2\repository\com\google\errorprone\error_prone_annotations\2.1.3\error_prone_annotations-2.1.3.jar;C:\Users\PriyaGandhi\.m2\repository\com\google\j2objc\j2objc-annotations\1.1\j2objc-annotations-1.1.jar;C:\Users\PriyaGandhi\.m2\repository\org\codehaus\mojo\animal-sniffer-annotations\1.14\animal-sniffer-annotations-1.14.jar;C:\Users\PriyaGandhi\.m2\repository\com\squareup\okhttp3\okhttp\3.11.0\okhttp-3.11.0.jar;C:\Users\PriyaGandhi\.m2\repository\com\squareup\okio\okio\1.14.0\okio-1.14.0.jar;C:\Users\PriyaGandhi\.m2\repository\org\apache\poi\poi\4.1.1\poi-4.1.1.jar;C:\Users\PriyaGandhi\.m2\repository\commons-codec\commons-codec\1.13\commons-codec-1.13.jar;C:\Users\PriyaGandhi\.m2\repository\org\apache\commons\commons-collections4\4.4\commons-collections4-4.4.jar;C:\Users\PriyaGandhi\.m2\repository\org\apache\commons\commons-math3\3.6.1\commons-math3-3.6.1.jar;C:\Users\PriyaGandhi\.m2\repository\org\seleniumhq\selenium\selenium-remote-driver\3.141.59\selenium-remote-driver-3.141.59.jar;C:\Users\PriyaGandhi\.m2\repository\org\seleniumhq\selenium\selenium-server\3.141.59\selenium-server-3.141.59.jar;C:\Users\PriyaGandhi\.m2\repository\net\jcip\jcip-annotations\1.0\jcip-annotations-1.0.jar;C:\Users\PriyaGandhi\.m2\repository\org\seleniumhq\selenium\jetty-repacked\9.4.12.v20180830\jetty-repacked-9.4.12.v20180830.jar;C:\Users\PriyaGandhi\.m2\repository\javax\servlet\javax.servlet-api\3.1.0\javax.servlet-api-3.1.0.jar;C:\Users\PriyaGandhi\.m2\repository\org\yaml\snakeyaml\1.19\snakeyaml-1.19.jar;C:\Users\PriyaGandhi\.m2\repository\commons-io\commons-io\2.6\commons-io-2.6.jar;C:\Users\PriyaGandhi\.m2\repository\io\github\bonigarcia\webdrivermanager\5.5.0\webdrivermanager-5.5.0.jar;C:\Users\PriyaGandhi\.m2\repository\org\slf4j\slf4j-api\2.0.7\slf4j-api-2.0.7.jar;C:\Users\PriyaGandhi\.m2\repository\com\github\docker-java\docker-java\3.3.3\docker-java-3.3.3.jar;C:\Users\PriyaGandhi\.m2\repository\com\github\docker-java\docker-java-core\3.3.3\docker-java-core-3.3.3.jar;C:\Users\PriyaGandhi\.m2\repository\com\github\docker-java\docker-java-api\3.3.3\docker-java-api-3.3.3.jar;C:\Users\PriyaGandhi\.m2\repository\com\fasterxml\jackson\core\jackson-annotations\2.10.3\jackson-annotations-2.10.3.jar;C:\Users\PriyaGandhi\.m2\repository\org\apache\commons\commons-compress\1.21\commons-compress-1.21.jar;C:\Users\PriyaGandhi\.m2\repository\com\fasterxml\jackson\core\jackson-databind\2.10.3\jackson-databind-2.10.3.jar;C:\Users\PriyaGandhi\.m2\repository\com\fasterxml\jackson\core\jackson-core\2.10.3\jackson-core-2.10.3.jar;C:\Users\PriyaGandhi\.m2\repository\org\bouncycastle\bcpkix-jdk18on\1.75\bcpkix-jdk18on-1.75.jar;C:\Users\PriyaGandhi\.m2\repository\org\bouncycastle\bcprov-jdk18on\1.75\bcprov-jdk18on-1.75.jar;C:\Users\PriyaGandhi\.m2\repository\org\bouncycastle\bcutil-jdk18on\1.75\bcutil-jdk18on-1.75.jar;C:\Users\PriyaGandhi\.m2\repository\org\slf4j\jcl-over-slf4j\1.7.30\jcl-over-slf4j-1.7.30.jar;C:\Users\PriyaGandhi\.m2\repository\com\github\docker-java\docker-java-transport-httpclient5\3.3.3\docker-java-transport-httpclient5-3.3.3.jar;C:\Users\PriyaGandhi\.m2\repository\com\github\docker-java\docker-java-transport\3.3.3\docker-java-transport-3.3.3.jar;C:\Users\PriyaGandhi\.m2\repository\net\java\dev\jna\jna\5.12.1\jna-5.12.1.jar;C:\Users\PriyaGandhi\.m2\repository\org\brotli\dec\0.1.2\dec-0.1.2.jar;C:\Users\PriyaGandhi\.m2\repository\org\apache\commons\commons-lang3\3.13.0\commons-lang3-3.13.0.jar;C:\Users\PriyaGandhi\.m2\repository\org\apache\httpcomponents\client5\httpclient5\5.2.1\httpclient5-5.2.1.jar;C:\Users\PriyaGandhi\.m2\repository\org\apache\httpcomponents\core5\httpcore5\5.2\httpcore5-5.2.jar;C:\Users\PriyaGandhi\.m2\repository\org\apache\httpcomponents\core5\httpcore5-h2\5.2\httpcore5-h2-5.2.jar;C:\Users\PriyaGandhi\.m2\repository\org\asynchttpclient\async-http-client\2.11.0\async-http-client-2.11.0.jar;C:\Users\PriyaGandhi\.m2\repository\org\asynchttpclient\async-http-client-netty-utils\2.11.0\async-http-client-netty-utils-2.11.0.jar;C:\Users\PriyaGandhi\.m2\repository\io\netty\netty-buffer\4.1.46.Final\netty-buffer-4.1.46.Final.jar;C:\Users\PriyaGandhi\.m2\repository\io\netty\netty-codec-http\4.1.46.Final\netty-codec-http-4.1.46.Final.jar;C:\Users\PriyaGandhi\.m2\repository\io\netty\netty-common\4.1.46.Final\netty-common-4.1.46.Final.jar;C:\Users\PriyaGandhi\.m2\repository\io\netty\netty-transport\4.1.46.Final\netty-transport-4.1.46.Final.jar;C:\Users\PriyaGandhi\.m2\repository\io\netty\netty-codec\4.1.46.Final\netty-codec-4.1.46.Final.jar;C:\Users\PriyaGandhi\.m2\repository\io\netty\netty-handler\4.1.46.Final\netty-handler-4.1.46.Final.jar;C:\Users\PriyaGandhi\.m2\repository\io\netty\netty-resolver\4.1.46.Final\netty-resolver-4.1.46.Final.jar;C:\Users\PriyaGandhi\.m2\repository\io\netty\netty-codec-socks\4.1.46.Final\netty-codec-socks-4.1.46.Final.jar;C:\Users\PriyaGandhi\.m2\repository\io\netty\netty-handler-proxy\4.1.46.Final\netty-handler-proxy-4.1.46.Final.jar;C:\Users\PriyaGandhi\.m2\repository\io\netty\netty-transport-native-epoll\4.1.46.Final\netty-transport-native-epoll-4.1.46.Final-linux-x86_64.jar;C:\Users\PriyaGandhi\.m2\repository\io\netty\netty-transport-native-unix-common\4.1.46.Final\netty-transport-native-unix-common-4.1.46.Final.jar;C:\Users\PriyaGandhi\.m2\repository\io\netty\netty-transport-native-kqueue\4.1.46.Final\netty-transport-native-kqueue-4.1.46.Final-osx-x86_64.jar;C:\Users\PriyaGandhi\.m2\repository\org\reactivestreams\reactive-streams\1.0.3\reactive-streams-1.0.3.jar;C:\Users\PriyaGandhi\.m2\repository\com\typesafe\netty\netty-reactive-streams\2.0.4\netty-reactive-streams-2.0.4.jar;C:\Users\PriyaGandhi\.m2\repository\com\sun\activation\javax.activation\1.2.0\javax.activation-1.2.0.jar;C:\Users\PriyaGandhi\.m2\repository\org\projectlombok\lombok\1.18.22\lombok-1.18.22.jar;C:\Users\PriyaGandhi\.m2\repository\tech\grasshopper\extentreports-cucumber6-adapter\2.9.0\extentreports-cucumber6-adapter-2.9.0.jar;C:\Users\PriyaGandhi\.m2\repository\tech\grasshopper\extent-pdf-report\1.7.4\extent-pdf-report-1.7.4.jar;C:\Users\PriyaGandhi\.m2\repository\tech\grasshopper\cucumber-pdf-report\2.2.4\cucumber-pdf-report-2.2.4.jar;C:\Users\PriyaGandhi\.m2\repository\org\apache\pdfbox\pdfbox\2.0.22\pdfbox-2.0.22.jar;C:\Users\PriyaGandhi\.m2\repository\org\apache\pdfbox\fontbox\2.0.22\fontbox-2.0.22.jar;C:\Users\PriyaGandhi\.m2\repository\org\knowm\xchart\xchart\3.8.0\xchart-3.8.0.jar;C:\Users\PriyaGandhi\.m2\repository\de\erichseifert\vectorgraphics2d\VectorGraphics2D\0.13\VectorGraphics2D-0.13.jar;C:\Users\PriyaGandhi\.m2\repository\de\rototor\pdfbox\graphics2d\0.30\graphics2d-0.30.jar;C:\Users\PriyaGandhi\.m2\repository\com\madgag\animated-gif-lib\1.4\animated-gif-lib-1.4.jar;C:\Users\PriyaGandhi\.m2\repository\tech\grasshopper\table-layout\1.2.0\table-layout-1.2.0.jar;C:\Users\PriyaGandhi\.m2\repository\org\jsoup\jsoup\1.13.1\jsoup-1.13.1.jar;C:\Users\PriyaGandhi\.m2\repository\com\aventstack\klov-reporter\5.0.9\klov-reporter-5.0.9.jar;C:\Users\PriyaGandhi\.m2\repository\org\mongodb\bson\3.6.4\bson-3.6.4.jar;C:\Users\PriyaGandhi\.m2\repository\org\apache\httpcomponents\httpclient\4.5.13\httpclient-4.5.13.jar;C:\Users\PriyaGandhi\.m2\repository\org\apache\httpcomponents\httpcore\4.4.13\httpcore-4.4.13.jar;C:\Users\PriyaGandhi\.m2\repository\commons-logging\commons-logging\1.2\commons-logging-1.2.jar;C:\Users\PriyaGandhi\.m2\repository\org\apache\httpcomponents\httpmime\4.5.13\httpmime-4.5.13.jar;C:\Users\PriyaGandhi\.m2\repository\tech\grasshopper\htmlextentreporter\1.0.0\htmlextentreporter-1.0.0.jar;C:\Users\PriyaGandhi\.m2\repository\org\mongodb\mongodb-driver\3.3.0\mongodb-driver-3.3.0.jar;C:\Users\PriyaGandhi\.m2\repository\org\mongodb\mongodb-driver-core\3.3.0\mongodb-driver-core-3.3.0.jar;C:\Users\PriyaGandhi\.m2\repository\com\google\protobuf\protobuf-java\4.0.0-rc-2\protobuf-java-4.0.0-rc-2.jar;C:\Users\PriyaGandhi\.m2\repository\io\cucumber\cucumber-java\7.2.3\cucumber-java-7.2.3.jar;C:\Users\PriyaGandhi\.m2\repository\io\cucumber\cucumber-core\7.2.3\cucumber-core-7.2.3.jar;C:\Users\PriyaGandhi\.m2\repository\io\cucumber\cucumber-gherkin-messages\7.2.3\cucumber-gherkin-messages-7.2.3.jar;C:\Users\PriyaGandhi\.m2\repository\io\cucumber\messages\17.1.1\messages-17.1.1.jar;C:\Users\PriyaGandhi\.m2\repository\io\cucumber\tag-expressions\4.1.0\tag-expressions-4.1.0.jar;C:\Users\PriyaGandhi\.m2\repository\io\cucumber\cucumber-expressions\15.0.1\cucumber-expressions-15.0.1.jar;C:\Users\PriyaGandhi\.m2\repository\io\cucumber\datatable\7.2.3\datatable-7.2.3.jar;C:\Users\PriyaGandhi\.m2\repository\io\cucumber\docstring\7.2.3\docstring-7.2.3.jar;C:\Users\PriyaGandhi\.m2\repository\io\cucumber\html-formatter\17.0.0\html-formatter-17.0.0.jar;C:\Users\PriyaGandhi\.m2\repository\io\cucumber\ci-environment\8.1.0\ci-environment-8.1.0.jar;C:\Users\PriyaGandhi\.m2\repository\org\apiguardian\apiguardian-api\1.1.2\apiguardian-api-1.1.2.jar;C:\Users\PriyaGandhi\.m2\repository\io\cucumber\cucumber-junit\7.2.3\cucumber-junit-7.2.3.jar;C:\Users\PriyaGandhi\.m2\repository\io\cucumber\cucumber-testng\7.2.3\cucumber-testng-7.2.3.jar;C:\Users\PriyaGandhi\.m2\repository\io\cucumber\cucumber-gherkin\7.2.3\cucumber-gherkin-7.2.3.jar;C:\Users\PriyaGandhi\.m2\repository\io\cucumber\cucumber-plugin\7.2.3\cucumber-plugin-7.2.3.jar;C:\Users\PriyaGandhi\.m2\repository\info\cukes\cucumber-testng\1.2.4\cucumber-testng-1.2.4.jar;C:\Users\PriyaGandhi\.m2\repository\info\cukes\cucumber-core\1.2.4\cucumber-core-1.2.4.jar;C:\Users\PriyaGandhi\.m2\repository\info\cukes\cucumber-html\0.2.3\cucumber-html-0.2.3.jar;C:\Users\PriyaGandhi\.m2\repository\info\cukes\cucumber-jvm-deps\1.0.5\cucumber-jvm-deps-1.0.5.jar;C:\Users\PriyaGandhi\.m2\repository\info\cukes\gherkin\2.12.2\gherkin-2.12.2.jar;"/>
    <property name="sun.cpu.endian" value="little"/>
    <property name="user.home" value="C:\Users\PriyaGandhi"/>
    <property name="user.language" value="en"/>
    <property name="java.specification.vendor" value="Oracle Corporation"/>
    <property name="java.version.date" value="2023-07-18"/>
    <property name="java.home" value="C:\Program Files\Java\jdk-17"/>
    <property name="file.separator" value="\"/>
    <property name="basedir" value="C:\Users\PriyaGandhi\Desktop\data\project\design-portal\Selenium\Oscar"/>
    <property name="java.vm.compressedOopsMode" value="Zero based"/>
    <property name="line.separator" value="&#10;"/>
    <property name="java.vm.specification.vendor" value="Oracle Corporation"/>
    <property name="java.specification.name" value="Java Platform API Specification"/>
    <property name="surefire.real.class.path" value="C:\Users\PRIYAG~1\AppData\Local\Temp\surefire5083604130119746381\surefirebooter5552780087343351918.jar"/>
    <property name="user.script" value=""/>
    <property name="sun.management.compiler" value="HotSpot 64-Bit Tiered Compilers"/>
    <property name="java.runtime.version" value="17.0.8+9-LTS-211"/>
    <property name="user.name" value="PriyaGandhi"/>
    <property name="path.separator" value=";"/>
    <property name="os.version" value="10.0"/>
    <property name="java.runtime.name" value="Java(TM) SE Runtime Environment"/>
    <property name="file.encoding" value="Cp1252"/>
    <property name="java.vm.name" value="Java HotSpot(TM) 64-Bit Server VM"/>
    <property name="localRepository" value="C:\Users\PriyaGandhi\.m2\repository"/>
    <property name="java.vendor.url.bug" value="https://bugreport.java.com/bugreport/"/>
    <property name="java.io.tmpdir" value="C:\Users\PRIYAG~1\AppData\Local\Temp\"/>
    <property name="idea.version" value="2020.3.2"/>
    <property name="java.version" value="17.0.8"/>
    <property name="user.dir" value="C:\Users\PriyaGandhi\Desktop\data\project\design-portal\Selenium\Oscar"/>
    <property name="os.arch" value="amd64"/>
    <property name="java.vm.specification.name" value="Java Virtual Machine Specification"/>
    <property name="sun.os.patch.level" value=""/>
    <property name="native.encoding" value="Cp1252"/>
    <property name="java.library.path" value="C:\Program Files\Java\jdk-17\bin;C:\WINDOWS\Sun\Java\bin;C:\WINDOWS\system32;C:\WINDOWS;C:\Python310\Scripts\;C:\Python310\;C:\Program Files\Common Files\Oracle\Java\javapath;C:\Program Files (x86)\Common Files\Oracle\Java\javapath;C:\WINDOWS\system32;C:\WINDOWS;C:\WINDOWS\System32\Wbem;C:\WINDOWS\System32\WindowsPowerShell\v1.0\;C:\WINDOWS\System32\OpenSSH\;C:\Stride\opt\apache-maven-3.6.1\bin;C:\Program Files (x86)\Microsoft SQL Server\150\DTS\Binn\;C:\Program Files\Microsoft VS Code\bin;C:\Program Files\nodejs\;C:\ProgramData\chocolatey\bin;C:\Users\PriyaGandhi\AppData\Local\Microsoft\WindowsApps;C:\Users\PriyaGandhi\AppData\Local\Programs\Git\cmd;C:\Users\PriyaGandhi\AppData\Roaming\npm;C:\Program Files\MongoDB\Server\6.0\bin;;."/>
    <property name="java.vm.info" value="mixed mode, sharing"/>
    <property name="java.vendor" value="Oracle Corporation"/>
    <property name="java.vm.version" value="17.0.8+9-LTS-211"/>
    <property name="sun.io.unicode.encoding" value="UnicodeLittle"/>
    <property name="java.class.version" value="61.0"/>
  </properties>
  <testcase name="setUp" classname="Test.E2E_Forms_HEL_Funnel" time="3.596">
    <failure message="session not created: This version of ChromeDriver only supports Chrome version 114&#10;Current browser version is 124.0.6367.207 with binary path C:\Program Files (x86)\Google\Chrome\Application\chrome.exe&#10;Build info: version: &apos;3.141.59&apos;, revision: &apos;e82be7d358&apos;, time: &apos;2018-11-14T08:17:03&apos;&#10;System info: host: &apos;MSDT083&apos;, ip: &apos;192.168.56.1&apos;, os.name: &apos;Windows 10&apos;, os.arch: &apos;amd64&apos;, os.version: &apos;10.0&apos;, java.version: &apos;17.0.8&apos;&#10;Driver info: driver.version: ChromeDriver&#10;remote stacktrace: Backtrace:&#10;	GetHandleVerifier [0x00A6A813+48355]&#10;	(No symbol) [0x009FC4B1]&#10;	(No symbol) [0x00905358]&#10;	(No symbol) [0x009261AC]&#10;	(No symbol) [0x00921EF3]&#10;	(No symbol) [0x00920579]&#10;	(No symbol) [0x00950C55]&#10;	(No symbol) [0x0095093C]&#10;	(No symbol) [0x0094A536]&#10;	(No symbol) [0x009282DC]&#10;	(No symbol) [0x009293DD]&#10;	GetHandleVerifier [0x00CCAABD+2539405]&#10;	GetHandleVerifier [0x00D0A78F+2800735]&#10;	GetHandleVerifier [0x00D0456C+2775612]&#10;	GetHandleVerifier [0x00AF51E0+616112]&#10;	(No symbol) [0x00A05F8C]&#10;	(No symbol) [0x00A02328]&#10;	(No symbol) [0x00A0240B]&#10;	(No symbol) [0x009F4FF7]&#10;	BaseThreadInitThunk [0x765CFCC9+25]&#10;	RtlGetAppContainerNamedObjectPath [0x77817C6E+286]&#10;	RtlGetAppContainerNamedObjectPath [0x77817C3E+238]&#10;" type="org.openqa.selenium.SessionNotCreatedException">org.openqa.selenium.SessionNotCreatedException: 
session not created: This version of ChromeDriver only supports Chrome version 114
Current browser version is 124.0.6367.207 with binary path C:\Program Files (x86)\Google\Chrome\Application\chrome.exe
Build info: version: '3.141.59', revision: 'e82be7d358', time: '2018-11-14T08:17:03'
System info: host: 'MSDT083', ip: '192.168.56.1', os.name: 'Windows 10', os.arch: 'amd64', os.version: '10.0', java.version: '17.0.8'
Driver info: driver.version: ChromeDriver
remote stacktrace: Backtrace:
	GetHandleVerifier [0x00A6A813+48355]
	(No symbol) [0x009FC4B1]
	(No symbol) [0x00905358]
	(No symbol) [0x009261AC]
	(No symbol) [0x00921EF3]
	(No symbol) [0x00920579]
	(No symbol) [0x00950C55]
	(No symbol) [0x0095093C]
	(No symbol) [0x0094A536]
	(No symbol) [0x009282DC]
	(No symbol) [0x009293DD]
	GetHandleVerifier [0x00CCAABD+2539405]
	GetHandleVerifier [0x00D0A78F+2800735]
	GetHandleVerifier [0x00D0456C+2775612]
	GetHandleVerifier [0x00AF51E0+616112]
	(No symbol) [0x00A05F8C]
	(No symbol) [0x00A02328]
	(No symbol) [0x00A0240B]
	(No symbol) [0x009F4FF7]
	BaseThreadInitThunk [0x765CFCC9+25]
	RtlGetAppContainerNamedObjectPath [0x77817C6E+286]
	RtlGetAppContainerNamedObjectPath [0x77817C3E+238]

</failure>
    <system-err><![CDATA[SLF4J: No SLF4J providers were found.
SLF4J: Defaulting to no-operation (NOP) logger implementation
SLF4J: See https://www.slf4j.org/codes.html#noProviders for further details.
Starting ChromeDriver 114.0.5735.90 (386bc09e8f4f2e025eddae123f36f6263096ae49-refs/branch-heads/5735@{#1052}) on port 26429
Only local connections are allowed.
Please see https://chromedriver.chromium.org/security-considerations for suggestions on keeping ChromeDriver safe.
ChromeDriver was started successfully.
]]></system-err>
  </testcase>
  <testcase name="login" classname="Test.E2E_Forms_HEL_Funnel" time="4.457">
    <failure message="&#10;[public void Test.E2E_Forms_HEL_Funnel.login(java.lang.String,java.lang.String,int,int) throws java.lang.InterruptedException] has no parameters defined but was found to be using a data provider (either explicitly specified or inherited from class level annotation).&#10;Data provider mismatch&#10;Method: login([Parameter{index=0, type=java.lang.String, declaredAnnotations=[]}, Parameter{index=1, type=java.lang.String, declaredAnnotations=[]}, Parameter{index=2, type=int, declaredAnnotations=[]}, Parameter{index=3, type=int, declaredAnnotations=[]}])&#10;Arguments: [(java.lang.String) https://oscartechnologies.github.io/oscar-embedded-forms/public/test-component/hel-funnel.html?partner=OscarTest,(java.lang.String) 2 Blue Horizon Court, Caledon Village, ON, Canada,(java.lang.String) 50000,(java.lang.String) 12000]" type="org.testng.internal.reflect.MethodMatcherException">org.testng.internal.reflect.MethodMatcherException: 

[public void Test.E2E_Forms_HEL_Funnel.login(java.lang.String,java.lang.String,int,int) throws java.lang.InterruptedException] has no parameters defined but was found to be using a data provider (either explicitly specified or inherited from class level annotation).
Data provider mismatch
Method: login([Parameter{index=0, type=java.lang.String, declaredAnnotations=[]}, Parameter{index=1, type=java.lang.String, declaredAnnotations=[]}, Parameter{index=2, type=int, declaredAnnotations=[]}, Parameter{index=3, type=int, declaredAnnotations=[]}])
Arguments: [(java.lang.String) https://oscartechnologies.github.io/oscar-embedded-forms/public/test-component/hel-funnel.html?partner=OscarTest,(java.lang.String) 2 Blue Horizon Court, Caledon Village, ON, Canada,(java.lang.String) 50000,(java.lang.String) 12000]
</failure>
  </testcase>
  <testcase name="tearDown" classname="Test.E2E_Forms_HEL_Funnel" time="0">
    <skipped/>
  </testcase>
</testsuite>